<?xml version="1.0" encoding="UTF-8"?>
<!-- Generated by org.testng.reporters.JUnitReportReporter -->
<testsuite skipped="0" hostname="SSPRO14deepEngg" name="Q2_Smartserv_Login.Smartserv_Login" tests="1" failures="0" timestamp="2020-11-02T11:42:00 IST" time="22.230" errors="0">
  <testcase name="Q2_SmartservLogin" time="22.230" classname="Q2_Smartserv_Login.Smartserv_Login"/>
  <system-out/>
</testsuite> <!-- Q2_Smartserv_Login.Smartserv_Login -->
