<?xml version="1.0" encoding="UTF-8"?>
<!-- Generated by org.testng.reporters.JUnitReportReporter -->
<testsuite skipped="0" hostname="SSPRO14deepEngg" name="Q3_AddTicket.copy.AddTicket" tests="1" failures="0" timestamp="2020-11-02T11:42:00 IST" time="66.523" errors="0">
  <testcase name="Q3_AddTicket" time="66.523" classname="Q3_AddTicket.copy.AddTicket"/>
  <system-out/>
</testsuite> <!-- Q3_AddTicket.copy.AddTicket -->
