<?xml version="1.0" encoding="UTF-8"?>
<!-- Generated by org.testng.reporters.JUnitReportReporter -->
<testsuite skipped="0" hostname="SSPRO14deepEngg" name="Q1_Selenium_Element.Assignment_1" tests="2" failures="0" timestamp="2020-11-02T11:42:00 IST" time="47.786" errors="0">
  <testcase name="Q1_seleniumWiki" time="44.071" classname="Q1_Selenium_Element.Assignment_1"/>
  <system-out/>
  <testcase name="Q1_verifyPluto" time="3.715" classname="Q1_Selenium_Element.Assignment_1"/>
  <system-out/>
</testsuite> <!-- Q1_Selenium_Element.Assignment_1 -->
